# JRE version: Java(TM) SE Runtime Environment (11.0.2+9) (build 11.0.2+9-LTS)
# Java VM: Java HotSpot(TM) 64-Bit Server VM (11.0.2+9-LTS, mixed mode, tiered, compressed oops, g1 gc, linux-amd64)
Heap:
 garbage-first heap   total 317440K, used 74906K [0x00000000a0000000, 0x0000000100000000)
  region size 1024K, 1 young (1024K), 1 survivors (1024K)
 Metaspace       used 95567K, capacity 101723K, committed 102008K, reserved 1134592K
  class space    used 13749K, capacity 16890K, committed 17016K, reserved 1048576K
GC Heap History (10 events):
Event: 113,714 GC heap after
{Heap after GC invocations=65 (full 2):
 garbage-first heap   total 120832K, used 47473K [0x00000000a0000000, 0x0000000100000000)
  region size 1024K, 6 young (6144K), 6 survivors (6144K)
 Metaspace       used 85074K, capacity 90076K, committed 90360K, reserved 1124352K
  class space    used 12227K, capacity 14801K, committed 14840K, reserved 1048576K
}
Event: 123,400 GC heap before
{Heap before GC invocations=65 (full 2):
 garbage-first heap   total 120832K, used 99697K [0x00000000a0000000, 0x0000000100000000)
  region size 1024K, 56 young (57344K), 6 survivors (6144K)
 Metaspace       used 88289K, capacity 93606K, committed 93688K, reserved 1128448K
  class space    used 12626K, capacity 15331K, committed 15352K, reserved 1048576K
}
Event: 123,518 GC heap after
{Heap after GC invocations=66 (full 2):
 garbage-first heap   total 158720K, used 62619K [0x00000000a0000000, 0x0000000100000000)
  region size 1024K, 7 young (7168K), 7 survivors (7168K)
 Metaspace       used 88289K, capacity 93606K, committed 93688K, reserved 1128448K
  class space    used 12626K, capacity 15331K, committed 15352K, reserved 1048576K
}
Event: 123,660 GC heap before
{Heap before GC invocations=66 (full 2):
 garbage-first heap   total 158720K, used 63643K [0x00000000a0000000, 0x0000000100000000)
  region size 1024K, 8 young (8192K), 7 survivors (7168K)
 Metaspace       used 88303K, capacity 93607K, committed 93688K, reserved 1128448K
  class space    used 12626K, capacity 15331K, committed 15352K, reserved 1048576K
}
Event: 123,683 GC heap after
{Heap after GC invocations=67 (full 2):
 garbage-first heap   total 158720K, used 64082K [0x00000000a0000000, 0x0000000100000000)
  region size 1024K, 1 young (1024K), 1 survivors (1024K)
 Metaspace       used 88303K, capacity 93607K, committed 93688K, reserved 1128448K
  class space    used 12626K, capacity 15331K, committed 15352K, reserved 1048576K
}
Event: 136,437 GC heap before
{Heap before GC invocations=67 (full 2):
 garbage-first heap   total 158720K, used 99922K [0x00000000a0000000, 0x0000000100000000)
  region size 1024K, 35 young (35840K), 1 survivors (1024K)
 Metaspace       used 92951K, capacity 98855K, committed 99192K, reserved 1132544K
  class space    used 13410K, capacity 16426K, committed 16504K, reserved 1048576K
}
Event: 136,486 GC heap after
{Heap after GC invocations=68 (full 2):
 garbage-first heap   total 158720K, used 70738K [0x00000000a0000000, 0x0000000100000000)
  region size 1024K, 5 young (5120K), 5 survivors (5120K)
 Metaspace       used 92951K, capacity 98855K, committed 99192K, reserved 1132544K
  class space    used 13410K, capacity 16426K, committed 16504K, reserved 1048576K
}
Event: 159,277 GC heap before
{Heap before GC invocations=68 (full 2):
 garbage-first heap   total 158720K, used 104530K [0x00000000a0000000, 0x0000000100000000)
  region size 1024K, 38 young (38912K), 5 survivors (5120K)
 Metaspace       used 95526K, capacity 101635K, committed 102008K, reserved 1134592K
  class space    used 13749K, capacity 16890K, committed 17016K, reserved 1048576K
}
Event: 161,732 GC heap after
{Heap after GC invocations=69 (full 2):
 garbage-first heap   total 158720K, used 74437K [0x00000000a0000000, 0x0000000100000000)
  region size 1024K, 4 young (4096K), 4 survivors (4096K)
 Metaspace       used 95526K, capacity 101635K, committed 102008K, reserved 1134592K
  class space    used 13749K, capacity 16890K, committed 17016K, reserved 1048576K
}
Event: 161,867 GC heap before
{Heap before GC invocations=69 (full 2):
 garbage-first heap   total 158720K, used 77509K [0x00000000a0000000, 0x0000000100000000)
  region size 1024K, 7 young (7168K), 4 survivors (4096K)
 Metaspace       used 95567K, capacity 101723K, committed 102008K, reserved 1134592K
  class space    used 13749K, capacity 16890K, committed 17016K, reserved 1048576K
}

